%!Adobe-FontList 1.14
%Locale:0x409

%BeginFont
Handler:DirectoryHandler
FontType:Type1
FontName:Univers-Condensed
FamilyName:Univers
StyleName:57 Condensed
MenuName:Univers 57 Condensed
StyleBits:0
WeightClass:400
WidthClass:3
AngleClass:0
FullName:Univers 57 Condensed
WritingScript:Roman
OutlineFileName:\UniveCon
DataFormat:POSTResource
UsesStandardEncoding:yes
isCFF:no
FileModTime:786380363
DesignSize:-1
%EndFont

%BeginFont
Handler:DirectoryHandler
FontType:Suitcase
FontName:Univers-CondensedOblique
OutlineFileName:\Univers Condensed
ResourceID:14875
MacStyle:0
FileLength:31397
FileModTime:696235000
%EndFont

%BeginFont
Handler:DirectoryHandler
FontType:Suitcase
FontName:Univers-CondensedLightOblique
OutlineFileName:\Univers Condensed
ResourceID:14877
MacStyle:0
FileLength:31397
FileModTime:696235000
%EndFont

%BeginFont
Handler:DirectoryHandler
FontType:Suitcase
FontName:Univers-CondensedBoldOblique
OutlineFileName:\Univers Condensed
ResourceID:14877
MacStyle:1
FileLength:31397
FileModTime:696235000
%EndFont

%BeginFont
Handler:DirectoryHandler
FontType:Suitcase
FontName:Univers-CondensedLight
OutlineFileName:\Univers Condensed
ResourceID:14878
MacStyle:0
FileLength:31397
FileModTime:696235000
%EndFont

%BeginFont
Handler:DirectoryHandler
FontType:Suitcase
FontName:Univers-CondensedBold
OutlineFileName:\Univers Condensed
ResourceID:14878
MacStyle:1
FileLength:31397
FileModTime:696235000
%EndFont

%BeginFont
Handler:DirectoryHandler
FontType:Suitcase
FontName:Univers-CondensedLightOblique
OutlineFileName:\Univers Condensed
ResourceID:14878
MacStyle:2
FileLength:31397
FileModTime:696235000
%EndFont

%BeginFont
Handler:DirectoryHandler
FontType:Suitcase
FontName:Univers-CondensedBoldOblique
OutlineFileName:\Univers Condensed
ResourceID:14878
MacStyle:3
FileLength:31397
FileModTime:696235000
%EndFont

%BeginFont
Handler:DirectoryHandler
FontType:Suitcase
FontName:Univers-CondensedBoldOblique
OutlineFileName:\Univers Condensed
ResourceID:14873
MacStyle:0
FileLength:31397
FileModTime:696235000
%EndFont

%BeginFont
Handler:DirectoryHandler
FontType:Suitcase
FontName:Univers-CondensedBold
OutlineFileName:\Univers Condensed
ResourceID:14874
MacStyle:0
FileLength:31397
FileModTime:696235000
%EndFont

%BeginFont
Handler:DirectoryHandler
FontType:Suitcase
FontName:Univers-CondensedBoldOblique
OutlineFileName:\Univers Condensed
ResourceID:14874
MacStyle:2
FileLength:31397
FileModTime:696235000
%EndFont

%BeginFont
Handler:DirectoryHandler
FontType:Suitcase
FontName:Univers-Condensed
OutlineFileName:\Univers Condensed
ResourceID:14876
MacStyle:0
FileLength:31397
FileModTime:696235000
%EndFont

%BeginFont
Handler:DirectoryHandler
FontType:Suitcase
FontName:Univers-CondensedOblique
OutlineFileName:\Univers Condensed
ResourceID:14876
MacStyle:2
FileLength:31397
FileModTime:696235000
%EndFont

